0 verbose cli /usr/local/bin/node /usr/local/bin/npm
1 info using npm@11.6.2
2 info using node@v24.12.0
3 silly config load:file:/usr/local/lib/node_modules/npm/npmrc
4 silly config load:file:/Users/benjamin-perso/Desktop/Agence Fluxior/.npmrc
5 silly config load:file:/Users/benjamin-perso/.npmrc
6 silly config load:file:/usr/local/etc/npmrc
7 verbose title npm install nanostores @nanostores/react
8 verbose argv "install" "nanostores" "@nanostores/react" "--cache" "./npm-cache"
9 verbose logfile logs-max:10 dir:/Users/benjamin-perso/Desktop/Agence Fluxior/npm-cache/_logs/2026-01-12T10_29_20_828Z-
10 verbose logfile /Users/benjamin-perso/Desktop/Agence Fluxior/npm-cache/_logs/2026-01-12T10_29_20_828Z-debug-0.log
11 silly logfile done cleaning log files
12 silly packumentCache heap:2348810240 maxSize:587202560 maxEntrySize:293601280
13 silly idealTree buildDeps
14 silly fetch manifest nanostores@*
15 silly packumentCache full:https://registry.npmjs.org/nanostores cache-miss
16 http fetch GET 200 https://registry.npmjs.org/nanostores 247ms (cache miss)
17 silly packumentCache full:https://registry.npmjs.org/nanostores set size:undefined disposed:false
18 silly fetch manifest @nanostores/react@*
19 silly packumentCache full:https://registry.npmjs.org/@nanostores%2freact cache-miss
20 http fetch GET 200 https://registry.npmjs.org/@nanostores%2freact 71ms (cache miss)
21 silly packumentCache full:https://registry.npmjs.org/@nanostores%2freact set size:undefined disposed:false
22 silly fetch manifest react@^19.2.3
23 silly packumentCache full:https://registry.npmjs.org/react cache-miss
24 http fetch GET 200 https://registry.npmjs.org/react 168ms (cache miss)
25 silly packumentCache full:https://registry.npmjs.org/react set size:undefined disposed:false
26 silly placeDep ROOT @nanostores/react@1.0.0 OK for: agence-fluxior@0.0.1 want: *
27 silly placeDep ROOT nanostores@1.1.0 OK for: @nanostores/react@1.0.0 want: ^0.9.0 || ^0.10.0 || ^0.11.0 || ^1.0.0
28 silly placeDep ROOT nanostores@1.1.0 REPLACE for: agence-fluxior@0.0.1 want: *
29 silly reify moves {}
30 silly audit bulk request {
30 silly audit   '@alloc/quick-lru': [ '5.2.0' ],
30 silly audit   '@astrojs/compiler': [ '2.13.0' ],
30 silly audit   '@astrojs/internal-helpers': [ '0.7.5' ],
30 silly audit   '@astrojs/markdown-remark': [ '6.3.10' ],
30 silly audit   '@astrojs/prism': [ '3.3.0' ],
30 silly audit   '@astrojs/react': [ '4.4.2' ],
30 silly audit   '@astrojs/sitemap': [ '3.6.1' ],
30 silly audit   '@astrojs/tailwind': [ '6.0.2' ],
30 silly audit   '@astrojs/telemetry': [ '3.3.0' ],
30 silly audit   '@babel/code-frame': [ '7.27.1' ],
30 silly audit   '@babel/compat-data': [ '7.28.5' ],
30 silly audit   '@babel/core': [ '7.28.5' ],
30 silly audit   semver: [ '6.3.1', '7.7.3' ],
30 silly audit   '@babel/generator': [ '7.28.5' ],
30 silly audit   '@babel/helper-compilation-targets': [ '7.27.2' ],
30 silly audit   'lru-cache': [ '5.1.1', '10.4.3' ],
30 silly audit   '@babel/helper-globals': [ '7.28.0' ],
30 silly audit   '@babel/helper-module-imports': [ '7.27.1' ],
30 silly audit   '@babel/helper-module-transforms': [ '7.28.3' ],
30 silly audit   '@babel/helper-plugin-utils': [ '7.27.1' ],
30 silly audit   '@babel/helper-string-parser': [ '7.27.1' ],
30 silly audit   '@babel/helper-validator-identifier': [ '7.28.5' ],
30 silly audit   '@babel/helper-validator-option': [ '7.27.1' ],
30 silly audit   '@babel/helpers': [ '7.28.4' ],
30 silly audit   '@babel/parser': [ '7.28.5' ],
30 silly audit   '@babel/plugin-transform-react-jsx-self': [ '7.27.1' ],
30 silly audit   '@babel/plugin-transform-react-jsx-source': [ '7.27.1' ],
30 silly audit   '@babel/template': [ '7.27.2' ],
30 silly audit   '@babel/traverse': [ '7.28.5' ],
30 silly audit   '@babel/types': [ '7.28.5' ],
30 silly audit   '@capsizecss/unpack': [ '4.0.0' ],
30 silly audit   '@emnapi/runtime': [ '1.8.1' ],
30 silly audit   '@esbuild/aix-ppc64': [ '0.25.12' ],
30 silly audit   '@esbuild/android-arm': [ '0.25.12' ],
30 silly audit   '@esbuild/android-arm64': [ '0.25.12' ],
30 silly audit   '@esbuild/android-x64': [ '0.25.12' ],
30 silly audit   '@esbuild/darwin-arm64': [ '0.25.12' ],
30 silly audit   '@esbuild/darwin-x64': [ '0.25.12' ],
30 silly audit   '@esbuild/freebsd-arm64': [ '0.25.12' ],
30 silly audit   '@esbuild/freebsd-x64': [ '0.25.12' ],
30 silly audit   '@esbuild/linux-arm': [ '0.25.12' ],
30 silly audit   '@esbuild/linux-arm64': [ '0.25.12' ],
30 silly audit   '@esbuild/linux-ia32': [ '0.25.12' ],
30 silly audit   '@esbuild/linux-loong64': [ '0.25.12' ],
30 silly audit   '@esbuild/linux-mips64el': [ '0.25.12' ],
30 silly audit   '@esbuild/linux-ppc64': [ '0.25.12' ],
30 silly audit   '@esbuild/linux-riscv64': [ '0.25.12' ],
30 silly audit   '@esbuild/linux-s390x': [ '0.25.12' ],
30 silly audit   '@esbuild/linux-x64': [ '0.25.12' ],
30 silly audit   '@esbuild/netbsd-arm64': [ '0.25.12' ],
30 silly audit   '@esbuild/netbsd-x64': [ '0.25.12' ],
30 silly audit   '@esbuild/openbsd-arm64': [ '0.25.12' ],
30 silly audit   '@esbuild/openbsd-x64': [ '0.25.12' ],
30 silly audit   '@esbuild/openharmony-arm64': [ '0.25.12' ],
30 silly audit   '@esbuild/sunos-x64': [ '0.25.12' ],
30 silly audit   '@esbuild/win32-arm64': [ '0.25.12' ],
30 silly audit   '@esbuild/win32-ia32': [ '0.25.12' ],
30 silly audit   '@esbuild/win32-x64': [ '0.25.12' ],
30 silly audit   '@fontsource/inter': [ '5.2.8' ],
30 silly audit   '@fontsource/space-grotesk': [ '5.2.10' ],
30 silly audit   '@img/colour': [ '1.0.0' ],
30 silly audit   '@img/sharp-darwin-arm64': [ '0.34.5' ],
30 silly audit   '@img/sharp-darwin-x64': [ '0.34.5' ],
30 silly audit   '@img/sharp-libvips-darwin-arm64': [ '1.2.4' ],
30 silly audit   '@img/sharp-libvips-darwin-x64': [ '1.2.4' ],
30 silly audit   '@img/sharp-libvips-linux-arm': [ '1.2.4' ],
30 silly audit   '@img/sharp-libvips-linux-arm64': [ '1.2.4' ],
30 silly audit   '@img/sharp-libvips-linux-ppc64': [ '1.2.4' ],
30 silly audit   '@img/sharp-libvips-linux-riscv64': [ '1.2.4' ],
30 silly audit   '@img/sharp-libvips-linux-s390x': [ '1.2.4' ],
30 silly audit   '@img/sharp-libvips-linux-x64': [ '1.2.4' ],
30 silly audit   '@img/sharp-libvips-linuxmusl-arm64': [ '1.2.4' ],
30 silly audit   '@img/sharp-libvips-linuxmusl-x64': [ '1.2.4' ],
30 silly audit   '@img/sharp-linux-arm': [ '0.34.5' ],
30 silly audit   '@img/sharp-linux-arm64': [ '0.34.5' ],
30 silly audit   '@img/sharp-linux-ppc64': [ '0.34.5' ],
30 silly audit   '@img/sharp-linux-riscv64': [ '0.34.5' ],
30 silly audit   '@img/sharp-linux-s390x': [ '0.34.5' ],
30 silly audit   '@img/sharp-linux-x64': [ '0.34.5' ],
30 silly audit   '@img/sharp-linuxmusl-arm64': [ '0.34.5' ],
30 silly audit   '@img/sharp-linuxmusl-x64': [ '0.34.5' ],
30 silly audit   '@img/sharp-wasm32': [ '0.34.5' ],
30 silly audit   '@img/sharp-win32-arm64': [ '0.34.5' ],
30 silly audit   '@img/sharp-win32-ia32': [ '0.34.5' ],
30 silly audit   '@img/sharp-win32-x64': [ '0.34.5' ],
30 silly audit   '@jridgewell/gen-mapping': [ '0.3.13' ],
30 silly audit   '@jridgewell/remapping': [ '2.3.5' ],
30 silly audit   '@jridgewell/resolve-uri': [ '3.1.2' ],
30 silly audit   '@jridgewell/sourcemap-codec': [ '1.5.5' ],
30 silly audit   '@jridgewell/trace-mapping': [ '0.3.31' ],
30 silly audit   '@nodelib/fs.scandir': [ '2.1.5' ],
30 silly audit   '@nodelib/fs.stat': [ '2.0.5' ],
30 silly audit   '@nodelib/fs.walk': [ '1.2.8' ],
30 silly audit   '@oslojs/encoding': [ '1.1.0' ],
30 silly audit   '@reduxjs/toolkit': [ '2.11.2' ],
30 silly audit   immer: [ '11.1.3', '10.2.0' ],
30 silly audit   '@rolldown/pluginutils': [ '1.0.0-beta.27' ],
30 silly audit   '@rollup/pluginutils': [ '5.3.0' ],
30 silly audit   'estree-walker': [ '2.0.2', '3.0.3' ],
30 silly audit   '@rollup/rollup-android-arm-eabi': [ '4.55.1' ],
30 silly audit   '@rollup/rollup-android-arm64': [ '4.55.1' ],
30 silly audit   '@rollup/rollup-darwin-arm64': [ '4.55.1' ],
30 silly audit   '@rollup/rollup-darwin-x64': [ '4.55.1' ],
30 silly audit   '@rollup/rollup-freebsd-arm64': [ '4.55.1' ],
30 silly audit   '@rollup/rollup-freebsd-x64': [ '4.55.1' ],
30 silly audit   '@rollup/rollup-linux-arm-gnueabihf': [ '4.55.1' ],
30 silly audit   '@rollup/rollup-linux-arm-musleabihf': [ '4.55.1' ],
30 silly audit   '@rollup/rollup-linux-arm64-gnu': [ '4.55.1' ],
30 silly audit   '@rollup/rollup-linux-arm64-musl': [ '4.55.1' ],
30 silly audit   '@rollup/rollup-linux-loong64-gnu': [ '4.55.1' ],
30 silly audit   '@rollup/rollup-linux-loong64-musl': [ '4.55.1' ],
30 silly audit   '@rollup/rollup-linux-ppc64-gnu': [ '4.55.1' ],
30 silly audit   '@rollup/rollup-linux-ppc64-musl': [ '4.55.1' ],
30 silly audit   '@rollup/rollup-linux-riscv64-gnu': [ '4.55.1' ],
30 silly audit   '@rollup/rollup-linux-riscv64-musl': [ '4.55.1' ],
30 silly audit   '@rollup/rollup-linux-s390x-gnu': [ '4.55.1' ],
30 silly audit   '@rollup/rollup-linux-x64-gnu': [ '4.55.1' ],
30 silly audit   '@rollup/rollup-linux-x64-musl': [ '4.55.1' ],
30 silly audit   '@rollup/rollup-openbsd-x64': [ '4.55.1' ],
30 silly audit   '@rollup/rollup-openharmony-arm64': [ '4.55.1' ],
30 silly audit   '@rollup/rollup-win32-arm64-msvc': [ '4.55.1' ],
30 silly audit   '@rollup/rollup-win32-ia32-msvc': [ '4.55.1' ],
30 silly audit   '@rollup/rollup-win32-x64-gnu': [ '4.55.1' ],
30 silly audit   '@rollup/rollup-win32-x64-msvc': [ '4.55.1' ],
30 silly audit   '@shikijs/core': [ '3.21.0' ],
30 silly audit   '@shikijs/engine-javascript': [ '3.21.0' ],
30 silly audit   '@shikijs/engine-oniguruma': [ '3.21.0' ],
30 silly audit   '@shikijs/langs': [ '3.21.0' ],
30 silly audit   '@shikijs/themes': [ '3.21.0' ],
30 silly audit   '@shikijs/types': [ '3.21.0' ],
30 silly audit   '@shikijs/vscode-textmate': [ '10.0.2' ],
30 silly audit   '@standard-schema/spec': [ '1.1.0' ],
30 silly audit   '@standard-schema/utils': [ '0.3.0' ],
30 silly audit   '@supabase/auth-js': [ '2.90.1' ],
30 silly audit   '@supabase/functions-js': [ '2.90.1' ],
30 silly audit   '@supabase/postgrest-js': [ '2.90.1' ],
30 silly audit   '@supabase/realtime-js': [ '2.90.1' ],
30 silly audit   '@supabase/storage-js': [ '2.90.1' ],
30 silly audit   '@supabase/supabase-js': [ '2.90.1' ],
30 silly audit   '@types/babel__core': [ '7.20.5' ],
30 silly audit   '@types/babel__generator': [ '7.27.0' ],
30 silly audit   '@types/babel__template': [ '7.4.4' ],
30 silly audit   '@types/babel__traverse': [ '7.28.0' ],
30 silly audit   '@types/d3-array': [ '3.2.2' ],
30 silly audit   '@types/d3-color': [ '3.1.3' ],
30 silly audit   '@types/d3-ease': [ '3.0.2' ],
30 silly audit   '@types/d3-interpolate': [ '3.0.4' ],
30 silly audit   '@types/d3-path': [ '3.1.1' ],
30 silly audit   '@types/d3-scale': [ '4.0.9' ],
30 silly audit   '@types/d3-shape': [ '3.1.7' ],
30 silly audit   '@types/d3-time': [ '3.0.4' ],
30 silly audit   '@types/d3-timer': [ '3.0.2' ],
30 silly audit   '@types/debug': [ '4.1.12' ],
30 silly audit   '@types/estree': [ '1.0.8' ],
30 silly audit   '@types/hast': [ '3.0.4' ],
30 silly audit   '@types/mdast': [ '4.0.4' ],
30 silly audit   '@types/ms': [ '2.1.0' ],
30 silly audit   '@types/nlcst': [ '2.0.3' ],
30 silly audit   '@types/node': [ '25.0.6', '17.0.45' ],
30 silly audit   '@types/phoenix': [ '1.6.7' ],
30 silly audit   '@types/react': [ '19.2.8' ],
30 silly audit   '@types/react-dom': [ '19.2.3' ],
30 silly audit   '@types/sax': [ '1.2.7' ],
30 silly audit   '@types/unist': [ '3.0.3' ],
30 silly audit   '@types/use-sync-external-store': [ '0.0.6' ],
30 silly audit   '@types/ws': [ '8.18.1' ],
30 silly audit   '@ungap/structured-clone': [ '1.3.0' ],
30 silly audit   '@vitejs/plugin-react': [ '4.7.0' ],
30 silly audit   acorn: [ '8.15.0' ],
30 silly audit   'ansi-align': [ '3.0.1' ],
30 silly audit   'ansi-regex': [ '5.0.1', '6.2.2' ],
30 silly audit   'emoji-regex': [ '8.0.0', '10.6.0' ],
30 silly audit   'string-width': [ '4.2.3', '7.2.0' ],
30 silly audit   'strip-ansi': [ '6.0.1', '7.1.2' ],
30 silly audit   'ansi-styles': [ '6.2.3' ],
30 silly audit   'any-promise': [ '1.3.0' ],
30 silly audit   anymatch: [ '3.1.3' ],
30 silly audit   picomatch: [ '2.3.1', '4.0.3' ],
30 silly audit   arg: [ '5.0.2' ],
30 silly audit   argparse: [ '2.0.1' ],
30 silly audit   'aria-query': [ '5.3.2' ],
30 silly audit   'array-iterate': [ '2.0.1' ],
30 silly audit   astro: [ '5.16.8' ],
30 silly audit   autoprefixer: [ '10.4.23' ],
30 silly audit   'axobject-query': [ '4.1.0' ],
30 silly audit   bail: [ '2.0.2' ],
30 silly audit   'base-64': [ '1.0.0' ],
30 silly audit   'baseline-browser-mapping': [ '2.9.14' ],
30 silly audit   'binary-extensions': [ '2.3.0' ],
30 silly audit   boolbase: [ '1.0.0' ],
30 silly audit   boxen: [ '8.0.1' ],
30 silly audit   braces: [ '3.0.3' ],
30 silly audit   browserslist: [ '4.28.1' ],
30 silly audit   camelcase: [ '8.0.0' ],
30 silly audit   'camelcase-css': [ '2.0.1' ],
30 silly audit   'caniuse-lite': [ '1.0.30001764' ],
30 silly audit   ccount: [ '2.0.1' ],
30 silly audit   chalk: [ '5.6.2' ],
30 silly audit   'character-entities': [ '2.0.2' ],
30 silly audit   'character-entities-html4': [ '2.1.0' ],
30 silly audit   'character-entities-legacy': [ '3.0.0' ],
30 silly audit   chokidar: [ '4.0.3', '3.6.0' ],
30 silly audit   'ci-info': [ '4.3.1' ],
30 silly audit   'cli-boxes': [ '3.0.0' ],
30 silly audit   clsx: [ '2.1.1' ],
30 silly audit   'comma-separated-tokens': [ '2.0.3' ],
30 silly audit   commander: [ '11.1.0', '4.1.1' ],
30 silly audit   'common-ancestor-path': [ '1.0.1' ],
30 silly audit   'convert-source-map': [ '2.0.0' ],
30 silly audit   cookie: [ '1.1.1' ],
30 silly audit   'cookie-es': [ '1.2.2' ],
30 silly audit   crossws: [ '0.3.5' ],
30 silly audit   'css-select': [ '5.2.2' ],
30 silly audit   'css-tree': [ '3.1.0', '2.2.1' ],
30 silly audit   'css-what': [ '6.2.2' ],
30 silly audit   cssesc: [ '3.0.0' ],
30 silly audit   csso: [ '5.0.5' ],
30 silly audit   'mdn-data': [ '2.0.28', '2.12.2' ],
30 silly audit   csstype: [ '3.2.3' ],
30 silly audit   'd3-array': [ '3.2.4' ],
30 silly audit   'd3-color': [ '3.1.0' ],
30 silly audit   'd3-ease': [ '3.0.1' ],
30 silly audit   'd3-format': [ '3.1.0' ],
30 silly audit   'd3-interpolate': [ '3.0.1' ],
30 silly audit   'd3-path': [ '3.1.0' ],
30 silly audit   'd3-scale': [ '4.0.2' ],
30 silly audit   'd3-shape': [ '3.2.0' ],
30 silly audit   'd3-time': [ '3.1.0' ],
30 silly audit   'd3-time-format': [ '4.1.0' ],
30 silly audit   'd3-timer': [ '3.0.1' ],
30 silly audit   debug: [ '4.4.3' ],
30 silly audit   'decimal.js-light': [ '2.5.1' ],
30 silly audit   'decode-named-character-reference': [ '1.2.0' ],
30 silly audit   defu: [ '6.1.4' ],
30 silly audit   dequal: [ '2.0.3' ],
30 silly audit   destr: [ '2.0.5' ],
30 silly audit   'detect-libc': [ '2.1.2' ],
30 silly audit   'deterministic-object-hash': [ '2.0.2' ],
30 silly audit   devalue: [ '5.6.1' ],
30 silly audit   devlop: [ '1.1.0' ],
30 silly audit   didyoumean: [ '1.2.2' ],
30 silly audit   diff: [ '5.2.0' ],
30 silly audit   dlv: [ '1.1.3' ],
30 silly audit   'dom-serializer': [ '2.0.0' ],
30 silly audit   entities: [ '4.5.0', '6.0.1' ],
30 silly audit   domelementtype: [ '2.3.0' ],
30 silly audit   domhandler: [ '5.0.3' ],
30 silly audit   domutils: [ '3.2.2' ],
30 silly audit   dset: [ '3.1.4' ],
30 silly audit   'electron-to-chromium': [ '1.5.267' ],
30 silly audit   'es-module-lexer': [ '1.7.0' ],
30 silly audit   'es-toolkit': [ '1.43.0' ],
30 silly audit   esbuild: [ '0.25.12' ],
30 silly audit   escalade: [ '3.2.0' ],
30 silly audit   'escape-string-regexp': [ '5.0.0' ],
30 silly audit   eventemitter3: [ '5.0.1' ],
30 silly audit   extend: [ '3.0.2' ],
30 silly audit   'fast-glob': [ '3.3.3' ],
30 silly audit   'glob-parent': [ '5.1.2', '6.0.2' ],
30 silly audit   fastq: [ '1.20.1' ],
30 silly audit   fdir: [ '6.5.0' ],
30 silly audit   'fill-range': [ '7.1.1' ],
30 silly audit   flattie: [ '1.1.1' ],
30 silly audit   fontace: [ '0.4.0' ],
30 silly audit   fontkitten: [ '1.0.0' ],
30 silly audit   'fraction.js': [ '5.3.4' ],
30 silly audit   'framer-motion': [ '12.25.0' ],
30 silly audit   fsevents: [ '2.3.3' ],
30 silly audit   'function-bind': [ '1.1.2' ],
30 silly audit   gensync: [ '1.0.0-beta.2' ],
30 silly audit   'get-east-asian-width': [ '1.4.0' ],
30 silly audit   'github-slugger': [ '2.0.0' ],
30 silly audit   h3: [ '1.15.4' ],
30 silly audit   hasown: [ '2.0.2' ],
30 silly audit   'hast-util-from-html': [ '2.0.3' ],
30 silly audit   'hast-util-from-parse5': [ '8.0.3' ],
30 silly audit   'hast-util-is-element': [ '3.0.0' ],
30 silly audit   'hast-util-parse-selector': [ '4.0.0' ],
30 silly audit   'hast-util-raw': [ '9.1.0' ],
30 silly audit   'hast-util-to-html': [ '9.0.5' ],
30 silly audit   'hast-util-to-parse5': [ '8.0.1' ],
30 silly audit   'hast-util-to-text': [ '4.0.2' ],
30 silly audit   'hast-util-whitespace': [ '3.0.0' ],
30 silly audit   hastscript: [ '9.0.1' ],
30 silly audit   'html-escaper': [ '3.0.3' ],
30 silly audit   'html-void-elements': [ '3.0.0' ],
30 silly audit   'http-cache-semantics': [ '4.2.0' ],
30 silly audit   'iceberg-js': [ '0.8.1' ],
30 silly audit   'import-meta-resolve': [ '4.2.0' ],
30 silly audit   internmap: [ '2.0.3' ],
30 silly audit   'iron-webcrypto': [ '1.2.1' ],
30 silly audit   'is-binary-path': [ '2.1.0' ],
30 silly audit   'is-core-module': [ '2.16.1' ],
30 silly audit   'is-docker': [ '3.0.0' ],
30 silly audit   'is-extglob': [ '2.1.1' ],
30 silly audit   'is-fullwidth-code-point': [ '3.0.0' ],
30 silly audit   'is-glob': [ '4.0.3' ],
30 silly audit   'is-inside-container': [ '1.0.0' ],
30 silly audit   'is-number': [ '7.0.0' ],
30 silly audit   'is-plain-obj': [ '4.1.0' ],
30 silly audit   'is-wsl': [ '3.1.0' ],
30 silly audit   jiti: [ '1.21.7' ],
30 silly audit   'js-tokens': [ '4.0.0' ],
30 silly audit   'js-yaml': [ '4.1.1' ],
30 silly audit   jsesc: [ '3.1.0' ],
30 silly audit   json5: [ '2.2.3' ],
30 silly audit   kleur: [ '3.0.3' ],
30 silly audit   lilconfig: [ '3.1.3' ],
30 silly audit   'lines-and-columns': [ '1.2.4' ],
30 silly audit   'longest-streak': [ '3.1.0' ],
30 silly audit   'lucide-react': [ '0.562.0' ],
30 silly audit   'magic-string': [ '0.30.21' ],
30 silly audit   magicast: [ '0.5.1' ],
30 silly audit   'markdown-table': [ '3.0.4' ],
30 silly audit   'mdast-util-definitions': [ '6.0.0' ],
30 silly audit   'mdast-util-find-and-replace': [ '3.0.2' ],
30 silly audit   'mdast-util-from-markdown': [ '2.0.2' ],
30 silly audit   'mdast-util-gfm': [ '3.1.0' ],
30 silly audit   'mdast-util-gfm-autolink-literal': [ '2.0.1' ],
30 silly audit   'mdast-util-gfm-footnote': [ '2.1.0' ],
30 silly audit   'mdast-util-gfm-strikethrough': [ '2.0.0' ],
30 silly audit   'mdast-util-gfm-table': [ '2.0.0' ],
30 silly audit   'mdast-util-gfm-task-list-item': [ '2.0.0' ],
30 silly audit   'mdast-util-phrasing': [ '4.1.0' ],
30 silly audit   'mdast-util-to-hast': [ '13.2.1' ],
30 silly audit   'mdast-util-to-markdown': [ '2.1.2' ],
30 silly audit   'mdast-util-to-string': [ '4.0.0' ],
30 silly audit   merge2: [ '1.4.1' ],
30 silly audit   micromark: [ '4.0.2' ],
30 silly audit   'micromark-core-commonmark': [ '2.0.3' ],
30 silly audit   'micromark-extension-gfm': [ '3.0.0' ],
30 silly audit   'micromark-extension-gfm-autolink-literal': [ '2.1.0' ],
30 silly audit   'micromark-extension-gfm-footnote': [ '2.1.0' ],
30 silly audit   'micromark-extension-gfm-strikethrough': [ '2.1.0' ],
30 silly audit   'micromark-extension-gfm-table': [ '2.1.1' ],
30 silly audit   'micromark-extension-gfm-tagfilter': [ '2.0.0' ],
30 silly audit   'micromark-extension-gfm-task-list-item': [ '2.1.0' ],
30 silly audit   'micromark-factory-destination': [ '2.0.1' ],
30 silly audit   'micromark-factory-label': [ '2.0.1' ],
30 silly audit   'micromark-factory-space': [ '2.0.1' ],
30 silly audit   'micromark-factory-title': [ '2.0.1' ],
30 silly audit   'micromark-factory-whitespace': [ '2.0.1' ],
30 silly audit   'micromark-util-character': [ '2.1.1' ],
30 silly audit   'micromark-util-chunked': [ '2.0.1' ],
30 silly audit   'micromark-util-classify-character': [ '2.0.1' ],
30 silly audit   'micromark-util-combine-extensions': [ '2.0.1' ],
30 silly audit   'micromark-util-decode-numeric-character-reference': [ '2.0.2' ],
30 silly audit   'micromark-util-decode-string': [ '2.0.1' ],
30 silly audit   'micromark-util-encode': [ '2.0.1' ],
30 silly audit   'micromark-util-html-tag-name': [ '2.0.1' ],
30 silly audit   'micromark-util-normalize-identifier': [ '2.0.1' ],
30 silly audit   'micromark-util-resolve-all': [ '2.0.1' ],
30 silly audit   'micromark-util-sanitize-uri': [ '2.0.1' ],
30 silly audit   'micromark-util-subtokenize': [ '2.1.0' ],
30 silly audit   'micromark-util-symbol': [ '2.0.1' ],
30 silly audit   'micromark-util-types': [ '2.0.2' ],
30 silly audit   micromatch: [ '4.0.8' ],
30 silly audit   'motion-dom': [ '12.24.11' ],
30 silly audit   'motion-utils': [ '12.24.10' ],
30 silly audit   mrmime: [ '2.0.1' ],
30 silly audit   ms: [ '2.1.3' ],
30 silly audit   mz: [ '2.7.0' ],
30 silly audit   nanoid: [ '3.3.11' ],
30 silly audit   neotraverse: [ '0.6.18' ],
30 silly audit   'nlcst-to-string': [ '4.0.0' ],
30 silly audit   'node-fetch-native': [ '1.6.7' ],
30 silly audit   'node-mock-http': [ '1.0.4' ],
30 silly audit   'node-releases': [ '2.0.27' ],
30 silly audit   'normalize-path': [ '3.0.0' ],
30 silly audit   'nth-check': [ '2.1.1' ],
30 silly audit   'object-assign': [ '4.1.1' ],
30 silly audit   'object-hash': [ '3.0.0' ],
30 silly audit   ofetch: [ '1.5.1' ],
30 silly audit   ohash: [ '2.0.11' ],
30 silly audit   'oniguruma-parser': [ '0.12.1' ],
30 silly audit   'oniguruma-to-es': [ '4.3.4' ],
30 silly audit   'p-limit': [ '6.2.0' ],
30 silly audit   'p-queue': [ '8.1.1' ],
30 silly audit   'p-timeout': [ '6.1.4' ],
30 silly audit   'package-manager-detector': [ '1.6.0' ],
30 silly audit   'parse-latin': [ '7.0.0' ],
30 silly audit   parse5: [ '7.3.0' ],
30 silly audit   'path-parse': [ '1.0.7' ],
30 silly audit   piccolore: [ '0.1.3' ],
30 silly audit   picocolors: [ '1.1.1' ],
30 silly audit   pify: [ '2.3.0' ],
30 silly audit   pirates: [ '4.0.7' ],
30 silly audit   postcss: [ '8.5.6' ],
30 silly audit   'postcss-import': [ '15.1.0' ],
30 silly audit   'postcss-js': [ '4.1.0' ],
30 silly audit   'postcss-load-config': [ '4.0.2' ],
30 silly audit   'postcss-nested': [ '6.2.0' ],
30 silly audit   'postcss-selector-parser': [ '6.1.2' ],
30 silly audit   'postcss-value-parser': [ '4.2.0' ],
30 silly audit   prismjs: [ '1.30.0' ],
30 silly audit   prompts: [ '2.4.2' ],
30 silly audit   'property-information': [ '7.1.0' ],
30 silly audit   'queue-microtask': [ '1.2.3' ],
30 silly audit   radix3: [ '1.1.2' ],
30 silly audit   react: [ '19.2.3' ],
30 silly audit   'react-dom': [ '19.2.3' ],
30 silly audit   'react-is': [ '19.2.3' ],
30 silly audit   'react-redux': [ '9.2.0' ],
30 silly audit   'react-refresh': [ '0.17.0' ],
30 silly audit   'read-cache': [ '1.0.0' ],
30 silly audit   readdirp: [ '4.1.2', '3.6.0' ],
30 silly audit   recharts: [ '3.6.0' ],
30 silly audit   redux: [ '5.0.1' ],
30 silly audit   'redux-thunk': [ '3.1.0' ],
30 silly audit   regex: [ '6.1.0' ],
30 silly audit   'regex-recursion': [ '6.0.2' ],
30 silly audit   'regex-utilities': [ '2.3.0' ],
30 silly audit   rehype: [ '13.0.2' ],
30 silly audit   'rehype-parse': [ '9.0.1' ],
30 silly audit   'rehype-raw': [ '7.0.0' ],
30 silly audit   'rehype-stringify': [ '10.0.1' ],
30 silly audit   'remark-gfm': [ '4.0.1' ],
30 silly audit   'remark-parse': [ '11.0.0' ],
30 silly audit   'remark-rehype': [ '11.1.2' ],
30 silly audit   'remark-smartypants': [ '3.0.2' ],
30 silly audit   'remark-stringify': [ '11.0.0' ],
30 silly audit   reselect: [ '5.1.1' ],
30 silly audit   resolve: [ '1.22.11' ],
30 silly audit   retext: [ '9.0.0' ],
30 silly audit   'retext-latin': [ '4.0.0' ],
30 silly audit   'retext-smartypants': [ '6.2.0' ],
30 silly audit   'retext-stringify': [ '4.0.0' ],
30 silly audit   reusify: [ '1.1.0' ],
30 silly audit   rollup: [ '4.55.1' ],
30 silly audit   'run-parallel': [ '1.2.0' ],
30 silly audit   sax: [ '1.4.4' ],
30 silly audit   scheduler: [ '0.27.0' ],
30 silly audit   sharp: [ '0.34.5' ],
30 silly audit   shiki: [ '3.21.0' ],
30 silly audit   sisteransi: [ '1.0.5' ],
30 silly audit   sitemap: [ '8.0.2' ],
30 silly audit   'smol-toml': [ '1.6.0' ],
30 silly audit   'source-map-js': [ '1.2.1' ],
30 silly audit   'space-separated-tokens': [ '2.0.2' ],
30 silly audit   'stream-replace-string': [ '2.0.0' ],
30 silly audit   'stringify-entities': [ '4.0.4' ],
30 silly audit   sucrase: [ '3.35.1' ],
30 silly audit   'supports-preserve-symlinks-flag': [ '1.0.0' ],
30 silly audit   svgo: [ '4.0.0' ],
30 silly audit   'tailwind-merge': [ '3.4.0' ],
30 silly audit   tailwindcss: [ '3.4.17' ],
30 silly audit   thenify: [ '3.3.1' ],
30 silly audit   'thenify-all': [ '1.6.0' ],
30 silly audit   'tiny-inflate': [ '1.0.3' ],
30 silly audit   'tiny-invariant': [ '1.3.3' ],
30 silly audit   tinyexec: [ '1.0.2' ],
30 silly audit   tinyglobby: [ '0.2.15' ],
30 silly audit   'to-regex-range': [ '5.0.1' ],
30 silly audit   'trim-lines': [ '3.0.1' ],
30 silly audit   trough: [ '2.2.0' ],
30 silly audit   'ts-interface-checker': [ '0.1.13' ],
30 silly audit   tsconfck: [ '3.1.6' ],
30 silly audit   tslib: [ '2.8.1' ],
30 silly audit   'type-fest': [ '4.41.0' ],
30 silly audit   typescript: [ '5.9.3' ],
30 silly audit   ufo: [ '1.6.2' ],
30 silly audit   ultrahtml: [ '1.6.0' ],
30 silly audit   uncrypto: [ '0.1.3' ],
30 silly audit   'undici-types': [ '7.16.0' ],
30 silly audit   unified: [ '11.0.5' ],
30 silly audit   unifont: [ '0.7.1' ],
30 silly audit   'unist-util-find-after': [ '5.0.0' ],
30 silly audit   'unist-util-is': [ '6.0.1' ],
30 silly audit   'unist-util-modify-children': [ '4.0.0' ],
30 silly audit   'unist-util-position': [ '5.0.0' ],
30 silly audit   'unist-util-remove-position': [ '5.0.0' ],
30 silly audit   'unist-util-stringify-position': [ '4.0.0' ],
30 silly audit   'unist-util-visit': [ '5.0.0' ],
30 silly audit   'unist-util-visit-children': [ '3.0.0' ],
30 silly audit   'unist-util-visit-parents': [ '6.0.2' ],
30 silly audit   unstorage: [ '1.17.3' ],
30 silly audit   'update-browserslist-db': [ '1.2.3' ],
30 silly audit   'use-sync-external-store': [ '1.6.0' ],
30 silly audit   'util-deprecate': [ '1.0.2' ],
30 silly audit   vfile: [ '6.0.3' ],
30 silly audit   'vfile-location': [ '5.0.3' ],
30 silly audit   'vfile-message': [ '4.0.3' ],
30 silly audit   'victory-vendor': [ '37.3.6' ],
30 silly audit   vite: [ '6.4.1' ],
30 silly audit   vitefu: [ '1.1.1' ],
30 silly audit   'web-namespaces': [ '2.0.1' ],
30 silly audit   'which-pm-runs': [ '1.1.0' ],
30 silly audit   'widest-line': [ '5.0.0' ],
30 silly audit   'wrap-ansi': [ '9.0.2' ],
30 silly audit   ws: [ '8.19.0' ],
30 silly audit   'xxhash-wasm': [ '1.1.0' ],
30 silly audit   yallist: [ '3.1.1' ],
30 silly audit   yaml: [ '2.8.2' ],
30 silly audit   'yargs-parser': [ '21.1.1' ],
30 silly audit   'yocto-queue': [ '1.2.2' ],
30 silly audit   'yocto-spinner': [ '0.2.3' ],
30 silly audit   yoctocolors: [ '2.1.2' ],
30 silly audit   zod: [ '3.25.76' ],
30 silly audit   'zod-to-json-schema': [ '3.25.1' ],
30 silly audit   'zod-to-ts': [ '1.2.0' ],
30 silly audit   zwitch: [ '2.0.4' ],
30 silly audit   '@nanostores/react': [ '1.0.0' ],
30 silly audit   nanostores: [ '1.1.0' ]
30 silly audit }
31 http cache nanostores@https://registry.npmjs.org/nanostores/-/nanostores-1.1.0.tgz 0ms (cache hit)
32 http cache @nanostores/react@https://registry.npmjs.org/@nanostores/react/-/react-1.0.0.tgz 0ms (cache hit)
33 silly tarball no local data for nanostores@https://registry.npmjs.org/nanostores/-/nanostores-1.1.0.tgz. Extracting by manifest.
34 silly tarball no local data for @nanostores/react@https://registry.npmjs.org/@nanostores/react/-/react-1.0.0.tgz. Extracting by manifest.
35 http fetch GET 200 https://registry.npmjs.org/nanostores/-/nanostores-1.1.0.tgz 125ms (cache miss)
36 http fetch POST 200 https://registry.npmjs.org/-/npm/v1/security/advisories/bulk 195ms
37 silly audit report {}
38 http fetch GET 200 https://registry.npmjs.org/@nanostores/react/-/react-1.0.0.tgz 299ms (cache miss)
39 silly ADD node_modules/nanostores
40 silly ADD node_modules/@nanostores/react
41 verbose cwd /Users/benjamin-perso/Desktop/Agence Fluxior
42 verbose os Darwin 24.6.0
43 verbose node v24.12.0
44 verbose npm  v11.6.2
45 verbose exit 0
46 info ok
